[2024-07-09 16:08:03] local.ERROR: Trait 'Maatwebsite\Excel\Concerns\Exportable' not found {"userId":1,"exception":"[object] (Symfony\\Component\\Debug\\Exception\\FatalErrorException(code: 1): Trait 'Maatwebsite\\Excel\\Concerns\\Exportable' not found at /www/wwwrootNew/welcomeAdmin/vendor/encore/laravel-admin/src/Grid/Exporters/ExcelExporter.php:12)
[stacktrace]
#0 {main}
"} 
[2024-07-09 16:10:28] local.ERROR: Trait 'Maatwebsite\Excel\Concerns\Exportable' not found {"userId":1,"exception":"[object] (Symfony\\Component\\Debug\\Exception\\FatalErrorException(code: 1): Trait 'Maatwebsite\\Excel\\Concerns\\Exportable' not found at /www/wwwrootNew/welcomeAdmin/vendor/encore/laravel-admin/src/Grid/Exporters/ExcelExporter.php:12)
[stacktrace]
#0 {main}
"} 
[2024-07-09 16:10:31] local.ERROR: Trait 'Maatwebsite\Excel\Concerns\Exportable' not found {"userId":1,"exception":"[object] (Symfony\\Component\\Debug\\Exception\\FatalErrorException(code: 1): Trait 'Maatwebsite\\Excel\\Concerns\\Exportable' not found at /www/wwwrootNew/welcomeAdmin/vendor/encore/laravel-admin/src/Grid/Exporters/ExcelExporter.php:12)
[stacktrace]
#0 {main}
"} 
[2024-07-09 16:10:32] local.ERROR: Trait 'Maatwebsite\Excel\Concerns\Exportable' not found {"userId":1,"exception":"[object] (Symfony\\Component\\Debug\\Exception\\FatalErrorException(code: 1): Trait 'Maatwebsite\\Excel\\Concerns\\Exportable' not found at /www/wwwrootNew/welcomeAdmin/vendor/encore/laravel-admin/src/Grid/Exporters/ExcelExporter.php:12)
[stacktrace]
#0 {main}
"} 
[2024-07-09 16:16:18] local.ERROR: Trait 'Maatwebsite\Excel\Concerns\Exportable' not found {"userId":1,"exception":"[object] (Symfony\\Component\\Debug\\Exception\\FatalErrorException(code: 1): Trait 'Maatwebsite\\Excel\\Concerns\\Exportable' not found at /www/wwwrootNew/welcomeAdmin/vendor/encore/laravel-admin/src/Grid/Exporters/ExcelExporter.php:12)
[stacktrace]
#0 {main}
"} 
[2024-07-09 16:20:45] local.ERROR: Call to undefined method Illuminate\Database\Query\Builder::get_tuoguan() {"userId":1,"exception":"[object] (BadMethodCallException(code: 0): Call to undefined method Illuminate\\Database\\Query\\Builder::get_tuoguan() at /www/wwwrootNew/welcomeAdmin/vendor/laravel/framework/src/Illuminate/Database/Query/Builder.php:2483)
[stacktrace]
#0 /www/wwwrootNew/welcomeAdmin/vendor/laravel/framework/src/Illuminate/Database/Eloquent/Builder.php(1286): Illuminate\\Database\\Query\\Builder->__call('get_tuoguan', Array)
#1 /www/wwwrootNew/welcomeAdmin/vendor/laravel/framework/src/Illuminate/Database/Eloquent/Model.php(1477): Illuminate\\Database\\Eloquent\\Builder->__call('get_tuoguan', Array)
#2 /www/wwwrootNew/welcomeAdmin/app/Admin/Extensions/DanbaoExporter.php(31): Illuminate\\Database\\Eloquent\\Model->__call('get_tuoguan', Array)
#3 /www/wwwrootNew/welcomeAdmin/vendor/maatwebsite/excel/src/Sheet.php(528): App\\Admin\\Extensions\\DanbaoExporter->map(Object(App\\Models\\LogDanbao))
#4 [internal function]: Maatwebsite\\Excel\\Sheet->Maatwebsite\\Excel\\{closure}(Object(App\\Models\\LogDanbao), 0)
#5 /www/wwwrootNew/welcomeAdmin/vendor/laravel/framework/src/Illuminate/Support/Collection.php(861): array_map(Object(Closure), Array, Array)
#6 /www/wwwrootNew/welcomeAdmin/vendor/laravel/framework/src/Illuminate/Support/Collection.php(946): Illuminate\\Support\\Collection->map(Object(Closure))
#7 /www/wwwrootNew/welcomeAdmin/vendor/maatwebsite/excel/src/Sheet.php(534): Illuminate\\Support\\Collection->flatMap(Object(Closure))
#8 /www/wwwrootNew/welcomeAdmin/vendor/maatwebsite/excel/src/Sheet.php(391): Maatwebsite\\Excel\\Sheet->appendRows(Object(Illuminate\\Database\\Eloquent\\Collection), Object(App\\Admin\\Extensions\\DanbaoExporter))
#9 /www/wwwrootNew/welcomeAdmin/vendor/laravel/framework/src/Illuminate/Database/Concerns/BuildsQueries.php(39): Maatwebsite\\Excel\\Sheet->Maatwebsite\\Excel\\{closure}(Object(Illuminate\\Database\\Eloquent\\Collection), 1)
#10 /www/wwwrootNew/welcomeAdmin/vendor/maatwebsite/excel/src/Sheet.php(392): Illuminate\\Database\\Eloquent\\Builder->chunk(1000, Object(Closure))
#11 /www/wwwrootNew/welcomeAdmin/vendor/maatwebsite/excel/src/Sheet.php(203): Maatwebsite\\Excel\\Sheet->fromQuery(Object(App\\Admin\\Extensions\\DanbaoExporter), Object(PhpOffice\\PhpSpreadsheet\\Worksheet\\Worksheet))
#12 /www/wwwrootNew/welcomeAdmin/vendor/maatwebsite/excel/src/Writer.php(65): Maatwebsite\\Excel\\Sheet->export(Object(App\\Admin\\Extensions\\DanbaoExporter))
#13 /www/wwwrootNew/welcomeAdmin/vendor/maatwebsite/excel/src/Excel.php(195): Maatwebsite\\Excel\\Writer->export(Object(App\\Admin\\Extensions\\DanbaoExporter), 'Xlsx')
#14 /www/wwwrootNew/welcomeAdmin/vendor/maatwebsite/excel/src/Excel.php(84): Maatwebsite\\Excel\\Excel->export(Object(App\\Admin\\Extensions\\DanbaoExporter), 'danbao.xlsx', 'Xlsx')
#15 /www/wwwrootNew/welcomeAdmin/vendor/maatwebsite/excel/src/Concerns/Exportable.php(30): Maatwebsite\\Excel\\Excel->download(Object(App\\Admin\\Extensions\\DanbaoExporter), 'danbao.xlsx', NULL, Array)
#16 /www/wwwrootNew/welcomeAdmin/vendor/encore/laravel-admin/src/Grid/Exporters/ExcelExporter.php(66): Encore\\Admin\\Grid\\Exporters\\ExcelExporter->download('danbao.xlsx')
#17 /www/wwwrootNew/welcomeAdmin/vendor/encore/laravel-admin/src/Grid/Concerns/CanExportGrid.php(37): Encore\\Admin\\Grid\\Exporters\\ExcelExporter->export()
#18 /www/wwwrootNew/welcomeAdmin/vendor/encore/laravel-admin/src/Grid.php(927): Encore\\Admin\\Grid->handleExportRequest(true)
#19 /www/wwwrootNew/welcomeAdmin/vendor/encore/laravel-admin/src/Layout/Column.php(100): Encore\\Admin\\Grid->render()
#20 /www/wwwrootNew/welcomeAdmin/vendor/encore/laravel-admin/src/Layout/Row.php(80): Encore\\Admin\\Layout\\Column->build()
#21 /www/wwwrootNew/welcomeAdmin/vendor/encore/laravel-admin/src/Layout/Content.php(215): Encore\\Admin\\Layout\\Row->build()
#22 /www/wwwrootNew/welcomeAdmin/vendor/encore/laravel-admin/src/Layout/Content.php(308): Encore\\Admin\\Layout\\Content->build()
#23 /www/wwwrootNew/welcomeAdmin/vendor/laravel/framework/src/Illuminate/Http/Response.php(42): Encore\\Admin\\Layout\\Content->render()
#24 /www/wwwrootNew/welcomeAdmin/vendor/symfony/http-foundation/Response.php(206): Illuminate\\Http\\Response->setContent(Object(Encore\\Admin\\Layout\\Content))
#25 /www/wwwrootNew/welcomeAdmin/vendor/laravel/framework/src/Illuminate/Routing/Router.php(724): Symfony\\Component\\HttpFoundation\\Response->__construct(Object(Encore\\Admin\\Layout\\Content))
#26 /www/wwwrootNew/welcomeAdmin/vendor/laravel/framework/src/Illuminate/Routing/Router.php(698): Illuminate\\Routing\\Router::toResponse(Object(Illuminate\\Http\\Request), Object(Encore\\Admin\\Layout\\Content))
#27 /www/wwwrootNew/welcomeAdmin/vendor/laravel/framework/src/Illuminate/Routing/Router.php(658): Illuminate\\Routing\\Router->prepareResponse(Object(Illuminate\\Http\\Request), Object(Encore\\Admin\\Layout\\Content))
#28 /www/wwwrootNew/welcomeAdmin/vendor/laravel/framework/src/Illuminate/Routing/Pipeline.php(30): Illuminate\\Routing\\Router->Illuminate\\Routing\\{closure}(Object(Illuminate\\Http\\Request))
#29 /www/wwwrootNew/welcomeAdmin/vendor/encore/laravel-admin/src/Middleware/Permission.php(46): Illuminate\\Routing\\Pipeline->Illuminate\\Routing\\{closure}(Object(Illuminate\\Http\\Request))
#30 /www/wwwrootNew/welcomeAdmin/vendor/laravel/framework/src/Illuminate/Pipeline/Pipeline.php(149): Encore\\Admin\\Middleware\\Permission->handle(Object(Illuminate\\Http\\Request), Object(Closure))
#31 /www/wwwrootNew/welcomeAdmin/vendor/laravel/framework/src/Illuminate/Routing/Pipeline.php(53): Illuminate\\Pipeline\\Pipeline->Illuminate\\Pipeline\\{closure}(Object(Illuminate\\Http\\Request))
#32 /www/wwwrootNew/welcomeAdmin/vendor/encore/laravel-admin/src/Middleware/Bootstrap.php(15): Illuminate\\Routing\\Pipeline->Illuminate\\Routing\\{closure}(Object(Illuminate\\Http\\Request))
#33 /www/wwwrootNew/welcomeAdmin/vendor/laravel/framework/src/Illuminate/Pipeline/Pipeline.php(149): Encore\\Admin\\Middleware\\Bootstrap->handle(Object(Illuminate\\Http\\Request), Object(Closure))
#34 /www/wwwrootNew/welcomeAdmin/vendor/laravel/framework/src/Illuminate/Routing/Pipeline.php(53): Illuminate\\Pipeline\\Pipeline->Illuminate\\Pipeline\\{closure}(Object(Illuminate\\Http\\Request))
#35 /www/wwwrootNew/welcomeAdmin/vendor/encore/laravel-admin/src/Middleware/LogOperation.php(39): Illuminate\\Routing\\Pipeline->Illuminate\\Routing\\{closure}(Object(Illuminate\\Http\\Request))
#36 /www/wwwrootNew/welcomeAdmin/vendor/laravel/framework/src/Illuminate/Pipeline/Pipeline.php(149): Encore\\Admin\\Middleware\\LogOperation->handle(Object(Illuminate\\Http\\Request), Object(Closure))
#37 /www/wwwrootNew/welcomeAdmin/vendor/laravel/framework/src/Illuminate/Routing/Pipeline.php(53): Illuminate\\Pipeline\\Pipeline->Illuminate\\Pipeline\\{closure}(Object(Illuminate\\Http\\Request))
#38 /www/wwwrootNew/welcomeAdmin/vendor/encore/laravel-admin/src/Middleware/Pjax.php(24): Illuminate\\Routing\\Pipeline->Illuminate\\Routing\\{closure}(Object(Illuminate\\Http\\Request))
#39 /www/wwwrootNew/welcomeAdmin/vendor/laravel/framework/src/Illuminate/Pipeline/Pipeline.php(149): Encore\\Admin\\Middleware\\Pjax->handle(Object(Illuminate\\Http\\Request), Object(Closure))
#40 /www/wwwrootNew/welcomeAdmin/vendor/laravel/framework/src/Illuminate/Routing/Pipeline.php(53): Illuminate\\Pipeline\\Pipeline->Illuminate\\Pipeline\\{closure}(Object(Illuminate\\Http\\Request))
#41 /www/wwwrootNew/welcomeAdmin/vendor/encore/laravel-admin/src/Middleware/Authenticate.php(28): Illuminate\\Routing\\Pipeline->Illuminate\\Routing\\{closure}(Object(Illuminate\\Http\\Request))
#42 /www/wwwrootNew/welcomeAdmin/vendor/laravel/framework/src/Illuminate/Pipeline/Pipeline.php(149): Encore\\Admin\\Middleware\\Authenticate->handle(Object(Illuminate\\Http\\Request), Object(Closure))
#43 /www/wwwrootNew/welcomeAdmin/vendor/laravel/framework/src/Illuminate/Routing/Pipeline.php(53): Illuminate\\Pipeline\\Pipeline->Illuminate\\Pipeline\\{closure}(Object(Illuminate\\Http\\Request))
#44 /www/wwwrootNew/welcomeAdmin/vendor/laravel/framework/src/Illuminate/Routing/Middleware/SubstituteBindings.php(41): Illuminate\\Routing\\Pipeline->Illuminate\\Routing\\{closure}(Object(Illuminate\\Http\\Request))
#45 /www/wwwrootNew/welcomeAdmin/vendor/laravel/framework/src/Illuminate/Pipeline/Pipeline.php(149): Illuminate\\Routing\\Middleware\\SubstituteBindings->handle(Object(Illuminate\\Http\\Request), Object(Closure))
#46 /www/wwwrootNew/welcomeAdmin/vendor/laravel/framework/src/Illuminate/Routing/Pipeline.php(53): Illuminate\\Pipeline\\Pipeline->Illuminate\\Pipeline\\{closure}(Object(Illuminate\\Http\\Request))
#47 /www/wwwrootNew/welcomeAdmin/vendor/laravel/framework/src/Illuminate/Foundation/Http/Middleware/VerifyCsrfToken.php(68): Illuminate\\Routing\\Pipeline->Illuminate\\Routing\\{closure}(Object(Illuminate\\Http\\Request))
#48 /www/wwwrootNew/welcomeAdmin/vendor/laravel/framework/src/Illuminate/Pipeline/Pipeline.php(149): Illuminate\\Foundation\\Http\\Middleware\\VerifyCsrfToken->handle(Object(Illuminate\\Http\\Request), Object(Closure))
#49 /www/wwwrootNew/welcomeAdmin/vendor/laravel/framework/src/Illuminate/Routing/Pipeline.php(53): Illuminate\\Pipeline\\Pipeline->Illuminate\\Pipeline\\{closure}(Object(Illuminate\\Http\\Request))
#50 /www/wwwrootNew/welcomeAdmin/vendor/laravel/framework/src/Illuminate/View/Middleware/ShareErrorsFromSession.php(49): Illuminate\\Routing\\Pipeline->Illuminate\\Routing\\{closure}(Object(Illuminate\\Http\\Request))
#51 /www/wwwrootNew/welcomeAdmin/vendor/laravel/framework/src/Illuminate/Pipeline/Pipeline.php(149): Illuminate\\View\\Middleware\\ShareErrorsFromSession->handle(Object(Illuminate\\Http\\Request), Object(Closure))
#52 /www/wwwrootNew/welcomeAdmin/vendor/laravel/framework/src/Illuminate/Routing/Pipeline.php(53): Illuminate\\Pipeline\\Pipeline->Illuminate\\Pipeline\\{closure}(Object(Illuminate\\Http\\Request))
#53 /www/wwwrootNew/welcomeAdmin/vendor/laravel/framework/src/Illuminate/Session/Middleware/StartSession.php(63): Illuminate\\Routing\\Pipeline->Illuminate\\Routing\\{closure}(Object(Illuminate\\Http\\Request))
#54 /www/wwwrootNew/welcomeAdmin/vendor/laravel/framework/src/Illuminate/Pipeline/Pipeline.php(149): Illuminate\\Session\\Middleware\\StartSession->handle(Object(Illuminate\\Http\\Request), Object(Closure))
#55 /www/wwwrootNew/welcomeAdmin/vendor/laravel/framework/src/Illuminate/Routing/Pipeline.php(53): Illuminate\\Pipeline\\Pipeline->Illuminate\\Pipeline\\{closure}(Object(Illuminate\\Http\\Request))
#56 /www/wwwrootNew/welcomeAdmin/vendor/laravel/framework/src/Illuminate/Cookie/Middleware/AddQueuedCookiesToResponse.php(37): Illuminate\\Routing\\Pipeline->Illuminate\\Routing\\{closure}(Object(Illuminate\\Http\\Request))
#57 /www/wwwrootNew/welcomeAdmin/vendor/laravel/framework/src/Illuminate/Pipeline/Pipeline.php(149): Illuminate\\Cookie\\Middleware\\AddQueuedCookiesToResponse->handle(Object(Illuminate\\Http\\Request), Object(Closure))
#58 /www/wwwrootNew/welcomeAdmin/vendor/laravel/framework/src/Illuminate/Routing/Pipeline.php(53): Illuminate\\Pipeline\\Pipeline->Illuminate\\Pipeline\\{closure}(Object(Illuminate\\Http\\Request))
#59 /www/wwwrootNew/welcomeAdmin/vendor/laravel/framework/src/Illuminate/Cookie/Middleware/EncryptCookies.php(68): Illuminate\\Routing\\Pipeline->Illuminate\\Routing\\{closure}(Object(Illuminate\\Http\\Request))
#60 /www/wwwrootNew/welcomeAdmin/vendor/laravel/framework/src/Illuminate/Pipeline/Pipeline.php(149): Illuminate\\Cookie\\Middleware\\EncryptCookies->handle(Object(Illuminate\\Http\\Request), Object(Closure))
#61 /www/wwwrootNew/welcomeAdmin/vendor/laravel/framework/src/Illuminate/Routing/Pipeline.php(53): Illuminate\\Pipeline\\Pipeline->Illuminate\\Pipeline\\{closure}(Object(Illuminate\\Http\\Request))
#62 /www/wwwrootNew/welcomeAdmin/vendor/laravel/framework/src/Illuminate/Pipeline/Pipeline.php(102): Illuminate\\Routing\\Pipeline->Illuminate\\Routing\\{closure}(Object(Illuminate\\Http\\Request))
#63 /www/wwwrootNew/welcomeAdmin/vendor/laravel/framework/src/Illuminate/Routing/Router.php(660): Illuminate\\Pipeline\\Pipeline->then(Object(Closure))
#64 /www/wwwrootNew/welcomeAdmin/vendor/laravel/framework/src/Illuminate/Routing/Router.php(635): Illuminate\\Routing\\Router->runRouteWithinStack(Object(Illuminate\\Routing\\Route), Object(Illuminate\\Http\\Request))
#65 /www/wwwrootNew/welcomeAdmin/vendor/laravel/framework/src/Illuminate/Routing/Router.php(601): Illuminate\\Routing\\Router->runRoute(Object(Illuminate\\Http\\Request), Object(Illuminate\\Routing\\Route))
#66 /www/wwwrootNew/welcomeAdmin/vendor/laravel/framework/src/Illuminate/Routing/Router.php(590): Illuminate\\Routing\\Router->dispatchToRoute(Object(Illuminate\\Http\\Request))
#67 /www/wwwrootNew/welcomeAdmin/vendor/laravel/framework/src/Illuminate/Foundation/Http/Kernel.php(176): Illuminate\\Routing\\Router->dispatch(Object(Illuminate\\Http\\Request))
#68 /www/wwwrootNew/welcomeAdmin/vendor/laravel/framework/src/Illuminate/Routing/Pipeline.php(30): Illuminate\\Foundation\\Http\\Kernel->Illuminate\\Foundation\\Http\\{closure}(Object(Illuminate\\Http\\Request))
#69 /www/wwwrootNew/welcomeAdmin/vendor/fideloper/proxy/src/TrustProxies.php(56): Illuminate\\Routing\\Pipeline->Illuminate\\Routing\\{closure}(Object(Illuminate\\Http\\Request))
#70 /www/wwwrootNew/welcomeAdmin/vendor/laravel/framework/src/Illuminate/Pipeline/Pipeline.php(149): Fideloper\\Proxy\\TrustProxies->handle(Object(Illuminate\\Http\\Request), Object(Closure))
#71 /www/wwwrootNew/welcomeAdmin/vendor/laravel/framework/src/Illuminate/Routing/Pipeline.php(53): Illuminate\\Pipeline\\Pipeline->Illuminate\\Pipeline\\{closure}(Object(Illuminate\\Http\\Request))
#72 /www/wwwrootNew/welcomeAdmin/vendor/laravel/framework/src/Illuminate/Foundation/Http/Middleware/TransformsRequest.php(30): Illuminate\\Routing\\Pipeline->Illuminate\\Routing\\{closure}(Object(Illuminate\\Http\\Request))
#73 /www/wwwrootNew/welcomeAdmin/vendor/laravel/framework/src/Illuminate/Pipeline/Pipeline.php(149): Illuminate\\Foundation\\Http\\Middleware\\TransformsRequest->handle(Object(Illuminate\\Http\\Request), Object(Closure))
#74 /www/wwwrootNew/welcomeAdmin/vendor/laravel/framework/src/Illuminate/Routing/Pipeline.php(53): Illuminate\\Pipeline\\Pipeline->Illuminate\\Pipeline\\{closure}(Object(Illuminate\\Http\\Request))
#75 /www/wwwrootNew/welcomeAdmin/vendor/laravel/framework/src/Illuminate/Foundation/Http/Middleware/TransformsRequest.php(30): Illuminate\\Routing\\Pipeline->Illuminate\\Routing\\{closure}(Object(Illuminate\\Http\\Request))
#76 /www/wwwrootNew/welcomeAdmin/vendor/laravel/framework/src/Illuminate/Pipeline/Pipeline.php(149): Illuminate\\Foundation\\Http\\Middleware\\TransformsRequest->handle(Object(Illuminate\\Http\\Request), Object(Closure))
#77 /www/wwwrootNew/welcomeAdmin/vendor/laravel/framework/src/Illuminate/Routing/Pipeline.php(53): Illuminate\\Pipeline\\Pipeline->Illuminate\\Pipeline\\{closure}(Object(Illuminate\\Http\\Request))
#78 /www/wwwrootNew/welcomeAdmin/vendor/laravel/framework/src/Illuminate/Foundation/Http/Middleware/ValidatePostSize.php(27): Illuminate\\Routing\\Pipeline->Illuminate\\Routing\\{closure}(Object(Illuminate\\Http\\Request))
#79 /www/wwwrootNew/welcomeAdmin/vendor/laravel/framework/src/Illuminate/Pipeline/Pipeline.php(149): Illuminate\\Foundation\\Http\\Middleware\\ValidatePostSize->handle(Object(Illuminate\\Http\\Request), Object(Closure))
#80 /www/wwwrootNew/welcomeAdmin/vendor/laravel/framework/src/Illuminate/Routing/Pipeline.php(53): Illuminate\\Pipeline\\Pipeline->Illuminate\\Pipeline\\{closure}(Object(Illuminate\\Http\\Request))
#81 /www/wwwrootNew/welcomeAdmin/vendor/laravel/framework/src/Illuminate/Foundation/Http/Middleware/CheckForMaintenanceMode.php(46): Illuminate\\Routing\\Pipeline->Illuminate\\Routing\\{closure}(Object(Illuminate\\Http\\Request))
#82 /www/wwwrootNew/welcomeAdmin/vendor/laravel/framework/src/Illuminate/Pipeline/Pipeline.php(149): Illuminate\\Foundation\\Http\\Middleware\\CheckForMaintenanceMode->handle(Object(Illuminate\\Http\\Request), Object(Closure))
#83 /www/wwwrootNew/welcomeAdmin/vendor/laravel/framework/src/Illuminate/Routing/Pipeline.php(53): Illuminate\\Pipeline\\Pipeline->Illuminate\\Pipeline\\{closure}(Object(Illuminate\\Http\\Request))
#84 /www/wwwrootNew/welcomeAdmin/vendor/laravel/framework/src/Illuminate/Pipeline/Pipeline.php(102): Illuminate\\Routing\\Pipeline->Illuminate\\Routing\\{closure}(Object(Illuminate\\Http\\Request))
#85 /www/wwwrootNew/welcomeAdmin/vendor/laravel/framework/src/Illuminate/Foundation/Http/Kernel.php(151): Illuminate\\Pipeline\\Pipeline->then(Object(Closure))
#86 /www/wwwrootNew/welcomeAdmin/vendor/laravel/framework/src/Illuminate/Foundation/Http/Kernel.php(116): Illuminate\\Foundation\\Http\\Kernel->sendRequestThroughRouter(Object(Illuminate\\Http\\Request))
#87 /www/wwwrootNew/welcomeAdmin/public/index.php(55): Illuminate\\Foundation\\Http\\Kernel->handle(Object(Illuminate\\Http\\Request))
#88 {main}
"} 
